<?xml version="1.0" encoding="UTF-8"?>
<coverage generated="1776546350961" clover="3.2.0">
  <project timestamp="1776546350961" name="All files">
    <metrics statements="230" coveredstatements="230" conditionals="62" coveredconditionals="59" methods="30" coveredmethods="30" elements="322" coveredelements="319" complexity="0" loc="230" ncloc="230" packages="3" files="11" classes="11"/>
    <package name="src">
      <metrics statements="41" coveredstatements="41" conditionals="14" coveredconditionals="11" methods="4" coveredmethods="4"/>
      <file name="app.ts" path="/Users/austin/Documents/ts-mern-thaitogo/backend/src/app.ts">
        <metrics statements="20" coveredstatements="20" conditionals="0" coveredconditionals="0" methods="1" coveredmethods="1"/>
        <line num="1" count="5" type="stmt"/>
        <line num="2" count="5" type="stmt"/>
        <line num="3" count="5" type="stmt"/>
        <line num="4" count="5" type="stmt"/>
        <line num="5" count="5" type="stmt"/>
        <line num="6" count="5" type="stmt"/>
        <line num="7" count="5" type="stmt"/>
        <line num="8" count="5" type="stmt"/>
        <line num="10" count="5" type="stmt"/>
        <line num="11" count="5" type="stmt"/>
        <line num="18" count="5" type="stmt"/>
        <line num="21" count="25" type="stmt"/>
        <line num="27" count="5" type="stmt"/>
        <line num="28" count="5" type="stmt"/>
        <line num="30" count="5" type="stmt"/>
        <line num="31" count="5" type="stmt"/>
        <line num="32" count="5" type="stmt"/>
        <line num="33" count="5" type="stmt"/>
        <line num="34" count="5" type="stmt"/>
        <line num="36" count="5" type="stmt"/>
      </file>
      <file name="data.ts" path="/Users/austin/Documents/ts-mern-thaitogo/backend/src/data.ts">
        <metrics statements="3" coveredstatements="3" conditionals="0" coveredconditionals="0" methods="0" coveredmethods="0"/>
        <line num="1" count="5" type="stmt"/>
        <line num="5" count="5" type="stmt"/>
        <line num="538" count="5" type="stmt"/>
      </file>
      <file name="utils.ts" path="/Users/austin/Documents/ts-mern-thaitogo/backend/src/utils.ts">
        <metrics statements="18" coveredstatements="18" conditionals="14" coveredconditionals="11" methods="3" coveredmethods="3"/>
        <line num="2" count="5" type="stmt"/>
        <line num="5" count="5" type="stmt"/>
        <line num="6" count="8" type="stmt"/>
        <line num="20" count="5" type="stmt"/>
        <line num="21" count="5" type="stmt"/>
        <line num="22" count="5" type="cond" truecount="5" falsecount="1"/>
        <line num="23" count="3" type="stmt"/>
        <line num="25" count="2" type="stmt"/>
        <line num="29" count="5" type="stmt"/>
        <line num="30" count="24" type="stmt"/>
        <line num="31" count="24" type="cond" truecount="4" falsecount="0"/>
        <line num="32" count="18" type="stmt"/>
        <line num="33" count="18" type="stmt"/>
        <line num="34" count="18" type="stmt"/>
        <line num="38" count="17" type="stmt"/>
        <line num="45" count="17" type="stmt"/>
        <line num="47" count="1" type="stmt"/>
        <line num="50" count="6" type="stmt"/>
      </file>
    </package>
    <package name="src.models">
      <metrics statements="63" coveredstatements="63" conditionals="0" coveredconditionals="0" methods="6" coveredmethods="6"/>
      <file name="orderModel.ts" path="/Users/austin/Documents/ts-mern-thaitogo/backend/src/models/orderModel.ts">
        <metrics statements="41" coveredstatements="41" conditionals="0" coveredconditionals="0" methods="4" coveredmethods="4"/>
        <line num="1" count="5" type="stmt"/>
        <line num="2" count="5" type="stmt"/>
        <line num="3" count="5" type="stmt"/>
        <line num="5" count="5" type="stmt"/>
        <line num="7" count="5" type="stmt"/>
        <line num="9" count="5" type="stmt"/>
        <line num="11" count="5" type="stmt"/>
        <line num="13" count="5" type="stmt"/>
        <line num="15" count="5" type="stmt"/>
        <line num="17" count="5" type="stmt"/>
        <line num="19" count="5" type="stmt"/>
        <line num="20" count="5" type="stmt"/>
        <line num="22" count="5" type="stmt"/>
        <line num="24" count="5" type="stmt"/>
        <line num="26" count="5" type="stmt"/>
        <line num="28" count="5" type="stmt"/>
        <line num="30" count="5" type="stmt"/>
        <line num="32" count="5" type="stmt"/>
        <line num="33" count="5" type="stmt"/>
        <line num="35" count="5" type="stmt"/>
        <line num="37" count="5" type="stmt"/>
        <line num="39" count="5" type="stmt"/>
        <line num="41" count="5" type="stmt"/>
        <line num="43" count="5" type="stmt"/>
        <line num="44" count="5" type="stmt"/>
        <line num="47" count="5" type="stmt"/>
        <line num="50" count="5" type="stmt"/>
        <line num="52" count="5" type="stmt"/>
        <line num="55" count="5" type="stmt"/>
        <line num="58" count="5" type="stmt"/>
        <line num="61" count="5" type="stmt"/>
        <line num="64" count="5" type="stmt"/>
        <line num="66" count="5" type="stmt"/>
        <line num="68" count="5" type="stmt"/>
        <line num="70" count="5" type="stmt"/>
        <line num="72" count="5" type="stmt"/>
        <line num="74" count="5" type="stmt"/>
        <line num="76" count="5" type="stmt"/>
        <line num="78" count="5" type="stmt"/>
        <line num="79" count="5" type="stmt"/>
        <line num="81" count="5" type="stmt"/>
      </file>
      <file name="productModel.ts" path="/Users/austin/Documents/ts-mern-thaitogo/backend/src/models/productModel.ts">
        <metrics statements="14" coveredstatements="14" conditionals="0" coveredconditionals="0" methods="1" coveredmethods="1"/>
        <line num="1" count="5" type="stmt"/>
        <line num="4" count="5" type="stmt"/>
        <line num="8" count="5" type="stmt"/>
        <line num="11" count="5" type="stmt"/>
        <line num="14" count="5" type="stmt"/>
        <line num="17" count="5" type="stmt"/>
        <line num="20" count="5" type="stmt"/>
        <line num="23" count="5" type="stmt"/>
        <line num="26" count="5" type="stmt"/>
        <line num="29" count="5" type="stmt"/>
        <line num="32" count="5" type="stmt"/>
        <line num="35" count="5" type="stmt"/>
        <line num="36" count="5" type="stmt"/>
        <line num="38" count="5" type="stmt"/>
      </file>
      <file name="userModel.ts" path="/Users/austin/Documents/ts-mern-thaitogo/backend/src/models/userModel.ts">
        <metrics statements="8" coveredstatements="8" conditionals="0" coveredconditionals="0" methods="1" coveredmethods="1"/>
        <line num="1" count="5" type="stmt"/>
        <line num="4" count="5" type="stmt"/>
        <line num="7" count="5" type="stmt"/>
        <line num="9" count="5" type="stmt"/>
        <line num="11" count="5" type="stmt"/>
        <line num="13" count="5" type="stmt"/>
        <line num="14" count="5" type="stmt"/>
        <line num="16" count="5" type="stmt"/>
      </file>
    </package>
    <package name="src.routers">
      <metrics statements="126" coveredstatements="126" conditionals="48" coveredconditionals="48" methods="20" coveredmethods="20"/>
      <file name="keyRouter.ts" path="/Users/austin/Documents/ts-mern-thaitogo/backend/src/routers/keyRouter.ts">
        <metrics statements="4" coveredstatements="4" conditionals="2" coveredconditionals="2" methods="1" coveredmethods="1"/>
        <line num="1" count="5" type="stmt"/>
        <line num="3" count="5" type="stmt"/>
        <line num="5" count="5" type="stmt"/>
        <line num="6" count="4" type="cond" truecount="2" falsecount="0"/>
      </file>
      <file name="orderRouter.ts" path="/Users/austin/Documents/ts-mern-thaitogo/backend/src/routers/orderRouter.ts">
        <metrics statements="45" coveredstatements="45" conditionals="19" coveredconditionals="19" methods="9" coveredmethods="9"/>
        <line num="1" count="5" type="stmt"/>
        <line num="2" count="5" type="stmt"/>
        <line num="3" count="5" type="stmt"/>
        <line num="5" count="5" type="stmt"/>
        <line num="7" count="5" type="stmt"/>
        <line num="11" count="5" type="stmt"/>
        <line num="14" count="1" type="stmt"/>
        <line num="15" count="1" type="stmt"/>
        <line num="16" count="1" type="stmt"/>
        <line num="17" count="1" type="stmt"/>
        <line num="21" count="5" type="stmt"/>
        <line num="25" count="4" type="stmt"/>
        <line num="26" count="4" type="stmt"/>
        <line num="27" count="4" type="stmt"/>
        <line num="28" count="4" type="cond" truecount="2" falsecount="0"/>
        <line num="29" count="3" type="cond" truecount="6" falsecount="0"/>
        <line num="30" count="2" type="stmt"/>
        <line num="31" count="2" type="stmt"/>
        <line num="33" count="1" type="stmt"/>
        <line num="35" count="1" type="stmt"/>
        <line num="40" count="5" type="stmt"/>
        <line num="43" count="5" type="stmt"/>
        <line num="44" count="5" type="cond" truecount="4" falsecount="0"/>
        <line num="45" count="1" type="stmt"/>
        <line num="46" count="1" type="stmt"/>
        <line num="48" count="4" type="cond" truecount="2" falsecount="0"/>
        <line num="49" count="1" type="stmt"/>
        <line num="50" count="1" type="stmt"/>
        <line num="52" count="3" type="cond" truecount="2" falsecount="0"/>
        <line num="53" count="1" type="stmt"/>
        <line num="54" count="1" type="stmt"/>
        <line num="57" count="2" type="stmt"/>
        <line num="58" count="2" type="stmt"/>
        <line num="59" count="2" type="stmt"/>
        <line num="71" count="2" type="stmt"/>
        <line num="76" count="5" type="stmt"/>
        <line num="79" count="2" type="stmt"/>
        <line num="80" count="2" type="cond" truecount="1" falsecount="0"/>
        <line num="82" count="3" type="cond" truecount="2" falsecount="0"/>
        <line num="83" count="1" type="stmt"/>
        <line num="84" count="1" type="stmt"/>
        <line num="85" count="1" type="stmt"/>
        <line num="91" count="1" type="stmt"/>
        <line num="93" count="1" type="stmt"/>
        <line num="95" count="1" type="stmt"/>
      </file>
      <file name="productRouter.ts" path="/Users/austin/Documents/ts-mern-thaitogo/backend/src/routers/productRouter.ts">
        <metrics statements="14" coveredstatements="14" conditionals="4" coveredconditionals="4" methods="4" coveredmethods="4"/>
        <line num="1" count="5" type="stmt"/>
        <line num="2" count="5" type="stmt"/>
        <line num="3" count="5" type="stmt"/>
        <line num="5" count="5" type="stmt"/>
        <line num="7" count="5" type="stmt"/>
        <line num="9" count="3" type="stmt"/>
        <line num="10" count="3" type="cond" truecount="1" falsecount="0"/>
        <line num="11" count="3" type="stmt"/>
        <line num="15" count="5" type="stmt"/>
        <line num="17" count="5" type="stmt"/>
        <line num="18" count="5" type="cond" truecount="1" falsecount="0"/>
        <line num="19" count="5" type="cond" truecount="2" falsecount="0"/>
        <line num="20" count="1" type="stmt"/>
        <line num="22" count="4" type="stmt"/>
      </file>
      <file name="seedRouter.ts" path="/Users/austin/Documents/ts-mern-thaitogo/backend/src/routers/seedRouter.ts">
        <metrics statements="19" coveredstatements="19" conditionals="0" coveredconditionals="0" methods="2" coveredmethods="2"/>
        <line num="1" count="5" type="stmt"/>
        <line num="2" count="5" type="stmt"/>
        <line num="3" count="5" type="stmt"/>
        <line num="4" count="5" type="stmt"/>
        <line num="5" count="5" type="stmt"/>
        <line num="6" count="5" type="stmt"/>
        <line num="8" count="5" type="stmt"/>
        <line num="10" count="5" type="stmt"/>
        <line num="14" count="3" type="stmt"/>
        <line num="16" count="3" type="stmt"/>
        <line num="17" count="6" type="stmt"/>
        <line num="18" count="2" type="stmt"/>
        <line num="19" count="2" type="stmt"/>
        <line num="21" count="4" type="stmt"/>
        <line num="22" count="2" type="stmt"/>
        <line num="23" count="2" type="stmt"/>
        <line num="25" count="2" type="stmt"/>
        <line num="27" count="1" type="stmt"/>
        <line num="28" count="1" type="stmt"/>
      </file>
      <file name="userRouter.ts" path="/Users/austin/Documents/ts-mern-thaitogo/backend/src/routers/userRouter.ts">
        <metrics statements="44" coveredstatements="44" conditionals="23" coveredconditionals="23" methods="4" coveredmethods="4"/>
        <line num="1" count="5" type="stmt"/>
        <line num="2" count="5" type="stmt"/>
        <line num="3" count="5" type="stmt"/>
        <line num="4" count="5" type="stmt"/>
        <line num="5" count="5" type="stmt"/>
        <line num="7" count="5" type="stmt"/>
        <line num="9" count="5" type="stmt"/>
        <line num="11" count="9" type="stmt"/>
        <line num="12" count="9" type="stmt"/>
        <line num="13" count="9" type="cond" truecount="4" falsecount="0"/>
        <line num="14" count="2" type="stmt"/>
        <line num="15" count="2" type="stmt"/>
        <line num="17" count="7" type="stmt"/>
        <line num="18" count="7" type="cond" truecount="2" falsecount="0"/>
        <line num="19" count="5" type="cond" truecount="2" falsecount="0"/>
        <line num="20" count="3" type="stmt"/>
        <line num="27" count="3" type="stmt"/>
        <line num="30" count="4" type="stmt"/>
        <line num="34" count="5" type="stmt"/>
        <line num="36" count="16" type="stmt"/>
        <line num="37" count="16" type="stmt"/>
        <line num="38" count="16" type="cond" truecount="5" falsecount="0"/>
        <line num="39" count="5" type="stmt"/>
        <line num="40" count="5" type="stmt"/>
        <line num="42" count="11" type="cond" truecount="2" falsecount="0"/>
        <line num="43" count="1" type="stmt"/>
        <line num="44" count="1" type="stmt"/>
        <line num="46" count="10" type="cond" truecount="2" falsecount="0"/>
        <line num="47" count="1" type="stmt"/>
        <line num="48" count="1" type="stmt"/>
        <line num="50" count="9" type="cond" truecount="2" falsecount="0"/>
        <line num="51" count="1" type="stmt"/>
        <line num="52" count="1" type="stmt"/>
        <line num="54" count="8" type="stmt"/>
        <line num="55" count="8" type="cond" truecount="2" falsecount="0"/>
        <line num="56" count="1" type="stmt"/>
        <line num="57" count="1" type="stmt"/>
        <line num="59" count="7" type="stmt"/>
        <line num="60" count="7" type="stmt"/>
        <line num="61" count="7" type="cond" truecount="2" falsecount="0"/>
        <line num="62" count="2" type="stmt"/>
        <line num="63" count="2" type="stmt"/>
        <line num="65" count="5" type="stmt"/>
        <line num="70" count="5" type="stmt"/>
      </file>
    </package>
  </project>
</coverage>
