{"/Users/austin/Documents/ts-mern-thaitogo/backend/src/app.ts": {"path":"/Users/austin/Documents/ts-mern-thaitogo/backend/src/app.ts","statementMap":{"0":{"start":{"line":1,"column":0},"end":{"line":1,"column":23}},"1":{"start":{"line":2,"column":0},"end":{"line":2,"column":29}},"2":{"start":{"line":3,"column":0},"end":{"line":3,"column":42}},"3":{"start":{"line":4,"column":0},"end":{"line":4,"column":47}},"4":{"start":{"line":5,"column":0},"end":{"line":5,"column":51}},"5":{"start":{"line":6,"column":0},"end":{"line":6,"column":55}},"6":{"start":{"line":7,"column":0},"end":{"line":7,"column":49}},"7":{"start":{"line":8,"column":0},"end":{"line":8,"column":49}},"8":{"start":{"line":10,"column":12},"end":{"line":10,"column":21}},"9":{"start":{"line":11,"column":0},"end":{"line":16,"column":null}},"10":{"start":{"line":18,"column":20},"end":{"line":25,"column":2}},"11":{"start":{"line":21,"column":14},"end":{"line":21,"column":null}},"12":{"start":{"line":27,"column":0},"end":{"line":27,"column":null}},"13":{"start":{"line":28,"column":0},"end":{"line":28,"column":null}},"14":{"start":{"line":30,"column":0},"end":{"line":30,"column":null}},"15":{"start":{"line":31,"column":0},"end":{"line":31,"column":null}},"16":{"start":{"line":32,"column":0},"end":{"line":32,"column":null}},"17":{"start":{"line":33,"column":0},"end":{"line":33,"column":null}},"18":{"start":{"line":34,"column":0},"end":{"line":34,"column":null}},"19":{"start":{"line":36,"column":0},"end":{"line":36,"column":null}}},"fnMap":{"0":{"name":"(anonymous_1)","decl":{"start":{"line":21,"column":8},"end":{"line":21,"column":14}},"loc":{"start":{"line":21,"column":8},"end":{"line":21,"column":21}}}},"branchMap":{},"s":{"0":5,"1":5,"2":5,"3":5,"4":5,"5":5,"6":5,"7":5,"8":5,"9":5,"10":5,"11":25,"12":5,"13":5,"14":5,"15":5,"16":5,"17":5,"18":5,"19":5},"f":{"0":25},"b":{}}
,"/Users/austin/Documents/ts-mern-thaitogo/backend/src/data.ts": {"path":"/Users/austin/Documents/ts-mern-thaitogo/backend/src/data.ts","statementMap":{"0":{"start":{"line":1,"column":0},"end":{"line":1,"column":29}},"1":{"start":{"line":5,"column":13},"end":{"line":536,"column":null}},"2":{"start":{"line":538,"column":13},"end":{"line":551,"column":null}}},"fnMap":{},"branchMap":{},"s":{"0":5,"1":5,"2":5},"f":{},"b":{}}
,"/Users/austin/Documents/ts-mern-thaitogo/backend/src/utils.ts": {"path":"/Users/austin/Documents/ts-mern-thaitogo/backend/src/utils.ts","statementMap":{"0":{"start":{"line":2,"column":0},"end":{"line":2,"column":30}},"1":{"start":{"line":5,"column":29},"end":{"line":18,"column":1}},"2":{"start":{"line":6,"column":2},"end":{"line":17,"column":null}},"3":{"start":{"line":5,"column":13},"end":{"line":5,"column":29}},"4":{"start":{"line":20,"column":23},"end":{"line":27,"column":1}},"5":{"start":{"line":21,"column":16},"end":{"line":21,"column":32}},"6":{"start":{"line":22,"column":2},"end":{"line":26,"column":3}},"7":{"start":{"line":23,"column":4},"end":{"line":23,"column":null}},"8":{"start":{"line":25,"column":4},"end":{"line":25,"column":null}},"9":{"start":{"line":20,"column":13},"end":{"line":20,"column":23}},"10":{"start":{"line":29,"column":22},"end":{"line":52,"column":1}},"11":{"start":{"line":30,"column":28},"end":{"line":30,"column":null}},"12":{"start":{"line":31,"column":2},"end":{"line":51,"column":3}},"13":{"start":{"line":32,"column":4},"end":{"line":48,"column":5}},"14":{"start":{"line":33,"column":20},"end":{"line":33,"column":42}},"15":{"start":{"line":34,"column":21},"end":{"line":36,"column":null}},"16":{"start":{"line":38,"column":6},"end":{"line":44,"column":null}},"17":{"start":{"line":45,"column":6},"end":{"line":45,"column":null}},"18":{"start":{"line":47,"column":6},"end":{"line":47,"column":null}},"19":{"start":{"line":50,"column":4},"end":{"line":50,"column":null}},"20":{"start":{"line":29,"column":13},"end":{"line":29,"column":22}}},"fnMap":{"0":{"name":"(anonymous_1)","decl":{"start":{"line":5,"column":29},"end":{"line":5,"column":30}},"loc":{"start":{"line":5,"column":40},"end":{"line":18,"column":1}}},"1":{"name":"(anonymous_2)","decl":{"start":{"line":20,"column":23},"end":{"line":20,"column":24}},"loc":{"start":{"line":20,"column":71},"end":{"line":27,"column":1}}},"2":{"name":"(anonymous_3)","decl":{"start":{"line":29,"column":22},"end":{"line":29,"column":23}},"loc":{"start":{"line":29,"column":70},"end":{"line":52,"column":1}}}},"branchMap":{"0":{"loc":{"start":{"line":13,"column":4},"end":{"line":13,"column":47}},"type":"binary-expr","locations":[{"start":{"line":13,"column":4},"end":{"line":13,"column":26}},{"start":{"line":13,"column":30},"end":{"line":13,"column":47}}]},"1":{"loc":{"start":{"line":22,"column":2},"end":{"line":26,"column":3}},"type":"if","locations":[{"start":{"line":22,"column":2},"end":{"line":26,"column":3}},{"start":{"line":24,"column":9},"end":{"line":26,"column":3}}]},"2":{"loc":{"start":{"line":22,"column":6},"end":{"line":22,"column":19}},"type":"cond-expr","locations":[{"start":{"line":22,"column":10},"end":{"line":22,"column":12}},{"start":{"line":22,"column":6},"end":{"line":22,"column":19}}]},"3":{"loc":{"start":{"line":22,"column":6},"end":{"line":22,"column":12}},"type":"binary-expr","locations":[{"start":{"line":22,"column":6},"end":{"line":22,"column":12}},{"start":{"line":22,"column":6},"end":{"line":22,"column":12}}]},"4":{"loc":{"start":{"line":31,"column":2},"end":{"line":51,"column":3}},"type":"if","locations":[{"start":{"line":31,"column":2},"end":{"line":51,"column":3}},{"start":{"line":49,"column":9},"end":{"line":51,"column":3}}]},"5":{"loc":{"start":{"line":31,"column":6},"end":{"line":31,"column":58}},"type":"binary-expr","locations":[{"start":{"line":31,"column":6},"end":{"line":31,"column":19}},{"start":{"line":31,"column":23},"end":{"line":31,"column":58}}]},"6":{"loc":{"start":{"line":36,"column":8},"end":{"line":36,"column":51}},"type":"binary-expr","locations":[{"start":{"line":36,"column":8},"end":{"line":36,"column":30}},{"start":{"line":36,"column":34},"end":{"line":36,"column":51}}]}},"s":{"0":5,"1":5,"2":8,"3":5,"4":5,"5":5,"6":5,"7":3,"8":2,"9":5,"10":5,"11":24,"12":24,"13":18,"14":18,"15":18,"16":17,"17":17,"18":1,"19":6,"20":5},"f":{"0":8,"1":5,"2":24},"b":{"0":[8,0],"1":[3,2],"2":[0,5],"3":[5,5],"4":[18,6],"5":[24,19],"6":[18,0]}}
,"/Users/austin/Documents/ts-mern-thaitogo/backend/src/models/orderModel.ts": {"path":"/Users/austin/Documents/ts-mern-thaitogo/backend/src/models/orderModel.ts","statementMap":{"0":{"start":{"line":1,"column":0},"end":{"line":1,"column":80}},"1":{"start":{"line":2,"column":0},"end":{"line":2,"column":40}},"2":{"start":{"line":3,"column":0},"end":{"line":3,"column":34}},"3":{"start":{"line":5,"column":0},"end":{"line":5,"column":null}},"4":{"start":{"line":7,"column":9},"end":{"line":7,"column":null}},"5":{"start":{"line":9,"column":9},"end":{"line":9,"column":null}},"6":{"start":{"line":11,"column":9},"end":{"line":11,"column":null}},"7":{"start":{"line":13,"column":9},"end":{"line":13,"column":null}},"8":{"start":{"line":15,"column":9},"end":{"line":15,"column":null}},"9":{"start":{"line":17,"column":9},"end":{"line":17,"column":null}},"10":{"start":{"line":19,"column":9},"end":{"line":19,"column":null}},"11":{"start":{"line":20,"column":0},"end":{"line":20,"column":null}},"12":{"start":{"line":22,"column":0},"end":{"line":22,"column":null}},"13":{"start":{"line":24,"column":9},"end":{"line":24,"column":null}},"14":{"start":{"line":26,"column":9},"end":{"line":26,"column":null}},"15":{"start":{"line":28,"column":9},"end":{"line":28,"column":null}},"16":{"start":{"line":30,"column":9},"end":{"line":30,"column":null}},"17":{"start":{"line":32,"column":9},"end":{"line":32,"column":null}},"18":{"start":{"line":33,"column":0},"end":{"line":33,"column":null}},"19":{"start":{"line":35,"column":0},"end":{"line":35,"column":null}},"20":{"start":{"line":37,"column":9},"end":{"line":37,"column":null}},"21":{"start":{"line":39,"column":9},"end":{"line":39,"column":null}},"22":{"start":{"line":41,"column":9},"end":{"line":41,"column":null}},"23":{"start":{"line":43,"column":9},"end":{"line":43,"column":null}},"24":{"start":{"line":44,"column":0},"end":{"line":44,"column":null}},"25":{"start":{"line":47,"column":0},"end":{"line":47,"column":13}},"26":{"start":{"line":50,"column":9},"end":{"line":50,"column":null}},"27":{"start":{"line":52,"column":9},"end":{"line":52,"column":null}},"28":{"start":{"line":55,"column":9},"end":{"line":55,"column":null}},"29":{"start":{"line":58,"column":9},"end":{"line":58,"column":null}},"30":{"start":{"line":61,"column":9},"end":{"line":61,"column":null}},"31":{"start":{"line":64,"column":9},"end":{"line":64,"column":null}},"32":{"start":{"line":66,"column":9},"end":{"line":66,"column":null}},"33":{"start":{"line":68,"column":9},"end":{"line":68,"column":null}},"34":{"start":{"line":70,"column":9},"end":{"line":70,"column":null}},"35":{"start":{"line":72,"column":9},"end":{"line":72,"column":null}},"36":{"start":{"line":74,"column":9},"end":{"line":74,"column":null}},"37":{"start":{"line":76,"column":9},"end":{"line":76,"column":null}},"38":{"start":{"line":78,"column":9},"end":{"line":78,"column":null}},"39":{"start":{"line":47,"column":13},"end":{"line":79,"column":null}},"40":{"start":{"line":79,"column":0},"end":{"line":79,"column":null}},"41":{"start":{"line":47,"column":13},"end":{"line":47,"column":18}},"42":{"start":{"line":81,"column":13},"end":{"line":81,"column":null}}},"fnMap":{"0":{"name":"(anonymous_2)","decl":{"start":{"line":5,"column":0},"end":{"line":5,"column":null}},"loc":{"start":{"line":5,"column":0},"end":{"line":20,"column":null}}},"1":{"name":"(anonymous_4)","decl":{"start":{"line":22,"column":0},"end":{"line":22,"column":null}},"loc":{"start":{"line":22,"column":0},"end":{"line":33,"column":null}}},"2":{"name":"(anonymous_6)","decl":{"start":{"line":35,"column":0},"end":{"line":35,"column":null}},"loc":{"start":{"line":35,"column":0},"end":{"line":44,"column":null}}},"3":{"name":"(anonymous_8)","decl":{"start":{"line":47,"column":0},"end":{"line":47,"column":13}},"loc":{"start":{"line":47,"column":0},"end":{"line":79,"column":null}}}},"branchMap":{},"s":{"0":5,"1":5,"2":5,"3":5,"4":5,"5":5,"6":5,"7":5,"8":5,"9":5,"10":5,"11":5,"12":5,"13":5,"14":5,"15":5,"16":5,"17":5,"18":5,"19":5,"20":5,"21":5,"22":5,"23":5,"24":5,"25":5,"26":5,"27":5,"28":5,"29":5,"30":5,"31":5,"32":5,"33":5,"34":5,"35":5,"36":5,"37":5,"38":5,"39":5,"40":5,"41":5,"42":5},"f":{"0":5,"1":5,"2":5,"3":5},"b":{}}
,"/Users/austin/Documents/ts-mern-thaitogo/backend/src/models/productModel.ts": {"path":"/Users/austin/Documents/ts-mern-thaitogo/backend/src/models/productModel.ts","statementMap":{"0":{"start":{"line":1,"column":0},"end":{"line":1,"column":75}},"1":{"start":{"line":4,"column":0},"end":{"line":4,"column":13}},"2":{"start":{"line":8,"column":9},"end":{"line":8,"column":null}},"3":{"start":{"line":11,"column":9},"end":{"line":11,"column":null}},"4":{"start":{"line":14,"column":9},"end":{"line":14,"column":null}},"5":{"start":{"line":17,"column":9},"end":{"line":17,"column":null}},"6":{"start":{"line":20,"column":9},"end":{"line":20,"column":null}},"7":{"start":{"line":23,"column":9},"end":{"line":23,"column":null}},"8":{"start":{"line":26,"column":9},"end":{"line":26,"column":null}},"9":{"start":{"line":29,"column":9},"end":{"line":29,"column":null}},"10":{"start":{"line":32,"column":9},"end":{"line":32,"column":null}},"11":{"start":{"line":35,"column":9},"end":{"line":35,"column":null}},"12":{"start":{"line":4,"column":13},"end":{"line":36,"column":null}},"13":{"start":{"line":36,"column":0},"end":{"line":36,"column":null}},"14":{"start":{"line":4,"column":13},"end":{"line":4,"column":20}},"15":{"start":{"line":38,"column":13},"end":{"line":38,"column":null}}},"fnMap":{"0":{"name":"(anonymous_2)","decl":{"start":{"line":4,"column":0},"end":{"line":4,"column":13}},"loc":{"start":{"line":4,"column":0},"end":{"line":36,"column":null}}}},"branchMap":{},"s":{"0":5,"1":5,"2":5,"3":5,"4":5,"5":5,"6":5,"7":5,"8":5,"9":5,"10":5,"11":5,"12":5,"13":5,"14":5,"15":5},"f":{"0":5},"b":{}}
,"/Users/austin/Documents/ts-mern-thaitogo/backend/src/models/userModel.ts": {"path":"/Users/austin/Documents/ts-mern-thaitogo/backend/src/models/userModel.ts","statementMap":{"0":{"start":{"line":1,"column":0},"end":{"line":1,"column":75}},"1":{"start":{"line":4,"column":0},"end":{"line":4,"column":13}},"2":{"start":{"line":7,"column":9},"end":{"line":7,"column":null}},"3":{"start":{"line":9,"column":9},"end":{"line":9,"column":null}},"4":{"start":{"line":11,"column":9},"end":{"line":11,"column":null}},"5":{"start":{"line":13,"column":9},"end":{"line":13,"column":null}},"6":{"start":{"line":4,"column":13},"end":{"line":14,"column":null}},"7":{"start":{"line":14,"column":0},"end":{"line":14,"column":null}},"8":{"start":{"line":4,"column":13},"end":{"line":4,"column":17}},"9":{"start":{"line":16,"column":13},"end":{"line":16,"column":null}}},"fnMap":{"0":{"name":"(anonymous_2)","decl":{"start":{"line":4,"column":0},"end":{"line":4,"column":13}},"loc":{"start":{"line":4,"column":0},"end":{"line":14,"column":null}}}},"branchMap":{},"s":{"0":5,"1":5,"2":5,"3":5,"4":5,"5":5,"6":5,"7":5,"8":5,"9":5},"f":{"0":5},"b":{}}
,"/Users/austin/Documents/ts-mern-thaitogo/backend/src/routers/keyRouter.ts": {"path":"/Users/austin/Documents/ts-mern-thaitogo/backend/src/routers/keyRouter.ts","statementMap":{"0":{"start":{"line":1,"column":0},"end":{"line":1,"column":29}},"1":{"start":{"line":3,"column":13},"end":{"line":3,"column":null}},"2":{"start":{"line":5,"column":0},"end":{"line":7,"column":null}},"3":{"start":{"line":6,"column":2},"end":{"line":6,"column":null}}},"fnMap":{"0":{"name":"(anonymous_1)","decl":{"start":{"line":5,"column":25},"end":{"line":5,"column":26}},"loc":{"start":{"line":5,"column":34},"end":{"line":7,"column":1}}}},"branchMap":{"0":{"loc":{"start":{"line":6,"column":23},"end":{"line":6,"column":59}},"type":"binary-expr","locations":[{"start":{"line":6,"column":23},"end":{"line":6,"column":51}},{"start":{"line":6,"column":55},"end":{"line":6,"column":59}}]}},"s":{"0":5,"1":5,"2":5,"3":4},"f":{"0":4},"b":{"0":[4,1]}}
,"/Users/austin/Documents/ts-mern-thaitogo/backend/src/routers/orderRouter.ts": {"path":"/Users/austin/Documents/ts-mern-thaitogo/backend/src/routers/orderRouter.ts","statementMap":{"0":{"start":{"line":1,"column":0},"end":{"line":1,"column":52}},"1":{"start":{"line":2,"column":0},"end":{"line":2,"column":48}},"2":{"start":{"line":3,"column":0},"end":{"line":3,"column":56}},"3":{"start":{"line":5,"column":0},"end":{"line":5,"column":33}},"4":{"start":{"line":7,"column":13},"end":{"line":7,"column":null}},"5":{"start":{"line":11,"column":0},"end":{"line":19,"column":null}},"6":{"start":{"line":14,"column":49},"end":{"line":18,"column":4}},"7":{"start":{"line":15,"column":10},"end":{"line":15,"column":43}},"8":{"start":{"line":16,"column":19},"end":{"line":16,"column":null}},"9":{"start":{"line":16,"column":10},"end":{"line":16,"column":null}},"10":{"start":{"line":17,"column":4},"end":{"line":17,"column":null}},"11":{"start":{"line":21,"column":0},"end":{"line":38,"column":null}},"12":{"start":{"line":25,"column":49},"end":{"line":37,"column":4}},"13":{"start":{"line":26,"column":10},"end":{"line":26,"column":null}},"14":{"start":{"line":27,"column":18},"end":{"line":27,"column":null}},"15":{"start":{"line":27,"column":10},"end":{"line":27,"column":null}},"16":{"start":{"line":28,"column":4},"end":{"line":36,"column":5}},"17":{"start":{"line":29,"column":6},"end":{"line":32,"column":7}},"18":{"start":{"line":30,"column":8},"end":{"line":30,"column":null}},"19":{"start":{"line":31,"column":8},"end":{"line":31,"column":14}},"20":{"start":{"line":33,"column":6},"end":{"line":33,"column":null}},"21":{"start":{"line":35,"column":6},"end":{"line":35,"column":null}},"22":{"start":{"line":40,"column":0},"end":{"line":74,"column":null}},"23":{"start":{"line":43,"column":49},"end":{"line":73,"column":4}},"24":{"start":{"line":44,"column":4},"end":{"line":47,"column":5}},"25":{"start":{"line":45,"column":6},"end":{"line":45,"column":null}},"26":{"start":{"line":46,"column":6},"end":{"line":46,"column":12}},"27":{"start":{"line":48,"column":4},"end":{"line":51,"column":5}},"28":{"start":{"line":49,"column":6},"end":{"line":49,"column":null}},"29":{"start":{"line":50,"column":6},"end":{"line":50,"column":12}},"30":{"start":{"line":52,"column":4},"end":{"line":55,"column":5}},"31":{"start":{"line":53,"column":6},"end":{"line":53,"column":null}},"32":{"start":{"line":54,"column":6},"end":{"line":54,"column":12}},"33":{"start":{"line":57,"column":12},"end":{"line":57,"column":45}},"34":{"start":{"line":58,"column":27},"end":{"line":70,"column":null}},"35":{"start":{"line":59,"column":60},"end":{"line":62,"column":11}},"36":{"start":{"line":58,"column":12},"end":{"line":70,"column":null}},"37":{"start":{"line":71,"column":6},"end":{"line":71,"column":null}},"38":{"start":{"line":76,"column":0},"end":{"line":98,"column":null}},"39":{"start":{"line":79,"column":49},"end":{"line":97,"column":4}},"40":{"start":{"line":80,"column":18},"end":{"line":80,"column":null}},"41":{"start":{"line":80,"column":10},"end":{"line":80,"column":null}},"42":{"start":{"line":82,"column":8},"end":{"line":82,"column":13}},"43":{"start":{"line":83,"column":6},"end":{"line":83,"column":null}},"44":{"start":{"line":84,"column":6},"end":{"line":84,"column":null}},"45":{"start":{"line":85,"column":6},"end":{"line":90,"column":null}},"46":{"start":{"line":91,"column":27},"end":{"line":91,"column":null}},"47":{"start":{"line":91,"column":12},"end":{"line":91,"column":null}},"48":{"start":{"line":93,"column":6},"end":{"line":93,"column":null}},"49":{"start":{"line":95,"column":6},"end":{"line":95,"column":null}}},"fnMap":{"0":{"name":"(anonymous_16)","decl":{"start":{"line":14,"column":15},"end":{"line":14,"column":22}},"loc":{"start":{"line":14,"column":49},"end":{"line":18,"column":4}}},"1":{"name":"(anonymous_17)","decl":{"start":{"line":14,"column":49},"end":{"line":14,"column":null}},"loc":{"start":{"line":14,"column":49},"end":{"line":18,"column":4}}},"2":{"name":"(anonymous_19)","decl":{"start":{"line":25,"column":15},"end":{"line":25,"column":22}},"loc":{"start":{"line":25,"column":49},"end":{"line":37,"column":4}}},"3":{"name":"(anonymous_20)","decl":{"start":{"line":25,"column":49},"end":{"line":25,"column":null}},"loc":{"start":{"line":25,"column":49},"end":{"line":37,"column":4}}},"4":{"name":"(anonymous_22)","decl":{"start":{"line":43,"column":15},"end":{"line":43,"column":22}},"loc":{"start":{"line":43,"column":49},"end":{"line":73,"column":4}}},"5":{"name":"(anonymous_23)","decl":{"start":{"line":43,"column":49},"end":{"line":43,"column":null}},"loc":{"start":{"line":43,"column":49},"end":{"line":73,"column":4}}},"6":{"name":"(anonymous_25)","decl":{"start":{"line":59,"column":44},"end":{"line":59,"column":45}},"loc":{"start":{"line":59,"column":55},"end":{"line":59,"column":null}}},"7":{"name":"(anonymous_26)","decl":{"start":{"line":79,"column":15},"end":{"line":79,"column":22}},"loc":{"start":{"line":79,"column":49},"end":{"line":97,"column":4}}},"8":{"name":"(anonymous_27)","decl":{"start":{"line":79,"column":49},"end":{"line":79,"column":null}},"loc":{"start":{"line":79,"column":49},"end":{"line":97,"column":4}}}},"branchMap":{"0":{"loc":{"start":{"line":28,"column":4},"end":{"line":36,"column":5}},"type":"if","locations":[{"start":{"line":28,"column":4},"end":{"line":36,"column":5}},{"start":{"line":34,"column":11},"end":{"line":36,"column":5}}]},"1":{"loc":{"start":{"line":29,"column":6},"end":{"line":32,"column":7}},"type":"if","locations":[{"start":{"line":29,"column":6},"end":{"line":32,"column":7}},{"start":{},"end":{}}]},"2":{"loc":{"start":{"line":29,"column":10},"end":{"line":29,"column":32}},"type":"cond-expr","locations":[{"start":{"line":29,"column":20},"end":{"line":29,"column":22}},{"start":{"line":29,"column":20},"end":{"line":29,"column":32}}]},"3":{"loc":{"start":{"line":29,"column":10},"end":{"line":29,"column":22}},"type":"binary-expr","locations":[{"start":{"line":29,"column":10},"end":{"line":29,"column":22}},{"start":{"line":29,"column":20},"end":{"line":29,"column":22}}]},"4":{"loc":{"start":{"line":44,"column":4},"end":{"line":47,"column":5}},"type":"if","locations":[{"start":{"line":44,"column":4},"end":{"line":47,"column":5}},{"start":{},"end":{}}]},"5":{"loc":{"start":{"line":44,"column":8},"end":{"line":44,"column":64}},"type":"binary-expr","locations":[{"start":{"line":44,"column":8},"end":{"line":44,"column":28}},{"start":{"line":44,"column":32},"end":{"line":44,"column":64}}]},"6":{"loc":{"start":{"line":48,"column":4},"end":{"line":51,"column":5}},"type":"if","locations":[{"start":{"line":48,"column":4},"end":{"line":51,"column":5}},{"start":{},"end":{}}]},"7":{"loc":{"start":{"line":52,"column":4},"end":{"line":55,"column":5}},"type":"if","locations":[{"start":{"line":52,"column":4},"end":{"line":55,"column":5}},{"start":{},"end":{}}]},"8":{"loc":{"start":{"line":80,"column":18},"end":{"line":80,"column":null}},"type":"switch","locations":[{"start":{"line":80,"column":18},"end":{"line":80,"column":null}}]},"9":{"loc":{"start":{"line":82,"column":8},"end":{"line":82,"column":13}},"type":"if","locations":[{"start":{"line":82,"column":8},"end":{"line":82,"column":13}},{"start":{},"end":{}}]}},"s":{"0":5,"1":5,"2":5,"3":5,"4":5,"5":5,"6":1,"7":1,"8":1,"9":1,"10":1,"11":5,"12":4,"13":4,"14":4,"15":4,"16":4,"17":3,"18":2,"19":2,"20":1,"21":1,"22":5,"23":5,"24":5,"25":1,"26":1,"27":4,"28":1,"29":1,"30":3,"31":1,"32":1,"33":2,"34":2,"35":2,"36":2,"37":2,"38":5,"39":2,"40":2,"41":2,"42":3,"43":1,"44":1,"45":1,"46":1,"47":1,"48":1,"49":1},"f":{"0":1,"1":1,"2":4,"3":4,"4":5,"5":5,"6":2,"7":2,"8":2},"b":{"0":[3,1],"1":[2,1],"2":[1,2],"3":[3,3],"4":[1,4],"5":[5,5],"6":[1,3],"7":[1,2],"8":[2],"9":[1,1]}}
,"/Users/austin/Documents/ts-mern-thaitogo/backend/src/routers/productRouter.ts": {"path":"/Users/austin/Documents/ts-mern-thaitogo/backend/src/routers/productRouter.ts","statementMap":{"0":{"start":{"line":1,"column":0},"end":{"line":1,"column":29}},"1":{"start":{"line":2,"column":0},"end":{"line":2,"column":48}},"2":{"start":{"line":3,"column":0},"end":{"line":3,"column":53}},"3":{"start":{"line":5,"column":13},"end":{"line":5,"column":null}},"4":{"start":{"line":7,"column":0},"end":{"line":13,"column":null}},"5":{"start":{"line":9,"column":30},"end":{"line":12,"column":4}},"6":{"start":{"line":10,"column":21},"end":{"line":10,"column":null}},"7":{"start":{"line":10,"column":10},"end":{"line":10,"column":null}},"8":{"start":{"line":11,"column":4},"end":{"line":11,"column":null}},"9":{"start":{"line":15,"column":0},"end":{"line":25,"column":null}},"10":{"start":{"line":17,"column":30},"end":{"line":24,"column":4}},"11":{"start":{"line":18,"column":20},"end":{"line":18,"column":null}},"12":{"start":{"line":18,"column":10},"end":{"line":18,"column":null}},"13":{"start":{"line":19,"column":4},"end":{"line":23,"column":5}},"14":{"start":{"line":20,"column":6},"end":{"line":20,"column":null}},"15":{"start":{"line":22,"column":6},"end":{"line":22,"column":null}}},"fnMap":{"0":{"name":"(anonymous_14)","decl":{"start":{"line":9,"column":15},"end":{"line":9,"column":22}},"loc":{"start":{"line":9,"column":30},"end":{"line":12,"column":4}}},"1":{"name":"(anonymous_15)","decl":{"start":{"line":9,"column":30},"end":{"line":9,"column":null}},"loc":{"start":{"line":9,"column":30},"end":{"line":12,"column":4}}},"2":{"name":"(anonymous_17)","decl":{"start":{"line":17,"column":15},"end":{"line":17,"column":22}},"loc":{"start":{"line":17,"column":30},"end":{"line":24,"column":4}}},"3":{"name":"(anonymous_18)","decl":{"start":{"line":17,"column":30},"end":{"line":17,"column":null}},"loc":{"start":{"line":17,"column":30},"end":{"line":24,"column":4}}}},"branchMap":{"0":{"loc":{"start":{"line":10,"column":21},"end":{"line":10,"column":null}},"type":"switch","locations":[{"start":{"line":10,"column":21},"end":{"line":10,"column":null}}]},"1":{"loc":{"start":{"line":18,"column":20},"end":{"line":18,"column":null}},"type":"switch","locations":[{"start":{"line":18,"column":20},"end":{"line":18,"column":null}}]},"2":{"loc":{"start":{"line":19,"column":4},"end":{"line":23,"column":5}},"type":"if","locations":[{"start":{"line":19,"column":4},"end":{"line":23,"column":5}},{"start":{"line":21,"column":11},"end":{"line":23,"column":5}}]}},"s":{"0":5,"1":5,"2":5,"3":5,"4":5,"5":3,"6":3,"7":3,"8":3,"9":5,"10":5,"11":5,"12":5,"13":5,"14":1,"15":4},"f":{"0":3,"1":3,"2":5,"3":5},"b":{"0":[3],"1":[5],"2":[1,4]}}
,"/Users/austin/Documents/ts-mern-thaitogo/backend/src/routers/seedRouter.ts": {"path":"/Users/austin/Documents/ts-mern-thaitogo/backend/src/routers/seedRouter.ts","statementMap":{"0":{"start":{"line":1,"column":0},"end":{"line":1,"column":52}},"1":{"start":{"line":2,"column":0},"end":{"line":2,"column":48}},"2":{"start":{"line":3,"column":0},"end":{"line":3,"column":53}},"3":{"start":{"line":4,"column":0},"end":{"line":4,"column":53}},"4":{"start":{"line":5,"column":0},"end":{"line":5,"column":47}},"5":{"start":{"line":6,"column":0},"end":{"line":6,"column":42}},"6":{"start":{"line":8,"column":13},"end":{"line":8,"column":null}},"7":{"start":{"line":10,"column":0},"end":{"line":31,"column":null}},"8":{"start":{"line":14,"column":49},"end":{"line":30,"column":4}},"9":{"start":{"line":16,"column":6},"end":{"line":16,"column":37}},"10":{"start":{"line":17,"column":6},"end":{"line":17,"column":null}},"11":{"start":{"line":18,"column":30},"end":{"line":18,"column":null}},"12":{"start":{"line":18,"column":12},"end":{"line":18,"column":null}},"13":{"start":{"line":19,"column":6},"end":{"line":19,"column":37}},"14":{"start":{"line":21,"column":6},"end":{"line":21,"column":null}},"15":{"start":{"line":22,"column":27},"end":{"line":22,"column":null}},"16":{"start":{"line":22,"column":12},"end":{"line":22,"column":null}},"17":{"start":{"line":23,"column":6},"end":{"line":23,"column":34}},"18":{"start":{"line":25,"column":6},"end":{"line":25,"column":null}},"19":{"start":{"line":27,"column":6},"end":{"line":27,"column":45}},"20":{"start":{"line":28,"column":6},"end":{"line":28,"column":72}}},"fnMap":{"0":{"name":"(anonymous_14)","decl":{"start":{"line":14,"column":15},"end":{"line":14,"column":22}},"loc":{"start":{"line":14,"column":49},"end":{"line":30,"column":4}}},"1":{"name":"(anonymous_15)","decl":{"start":{"line":14,"column":49},"end":{"line":14,"column":null}},"loc":{"start":{"line":14,"column":49},"end":{"line":30,"column":4}}}},"branchMap":{},"s":{"0":5,"1":5,"2":5,"3":5,"4":5,"5":5,"6":5,"7":5,"8":3,"9":3,"10":6,"11":2,"12":2,"13":2,"14":4,"15":2,"16":2,"17":2,"18":2,"19":1,"20":1},"f":{"0":3,"1":3},"b":{}}
,"/Users/austin/Documents/ts-mern-thaitogo/backend/src/routers/userRouter.ts": {"path":"/Users/austin/Documents/ts-mern-thaitogo/backend/src/routers/userRouter.ts","statementMap":{"0":{"start":{"line":1,"column":0},"end":{"line":1,"column":52}},"1":{"start":{"line":2,"column":0},"end":{"line":2,"column":48}},"2":{"start":{"line":3,"column":0},"end":{"line":3,"column":29}},"3":{"start":{"line":4,"column":0},"end":{"line":4,"column":53}},"4":{"start":{"line":5,"column":0},"end":{"line":5,"column":40}},"5":{"start":{"line":7,"column":13},"end":{"line":7,"column":null}},"6":{"start":{"line":9,"column":0},"end":{"line":32,"column":null}},"7":{"start":{"line":11,"column":49},"end":{"line":31,"column":4}},"8":{"start":{"line":12,"column":10},"end":{"line":12,"column":32}},"9":{"start":{"line":13,"column":4},"end":{"line":16,"column":5}},"10":{"start":{"line":14,"column":6},"end":{"line":14,"column":null}},"11":{"start":{"line":15,"column":6},"end":{"line":15,"column":12}},"12":{"start":{"line":17,"column":17},"end":{"line":17,"column":null}},"13":{"start":{"line":17,"column":10},"end":{"line":17,"column":null}},"14":{"start":{"line":18,"column":4},"end":{"line":29,"column":5}},"15":{"start":{"line":19,"column":6},"end":{"line":28,"column":7}},"16":{"start":{"line":20,"column":8},"end":{"line":26,"column":null}},"17":{"start":{"line":27,"column":8},"end":{"line":27,"column":14}},"18":{"start":{"line":30,"column":4},"end":{"line":30,"column":null}},"19":{"start":{"line":34,"column":0},"end":{"line":78,"column":null}},"20":{"start":{"line":36,"column":49},"end":{"line":77,"column":4}},"21":{"start":{"line":37,"column":10},"end":{"line":37,"column":38}},"22":{"start":{"line":38,"column":4},"end":{"line":41,"column":5}},"23":{"start":{"line":39,"column":6},"end":{"line":39,"column":null}},"24":{"start":{"line":40,"column":6},"end":{"line":40,"column":12}},"25":{"start":{"line":42,"column":4},"end":{"line":45,"column":5}},"26":{"start":{"line":43,"column":6},"end":{"line":43,"column":null}},"27":{"start":{"line":44,"column":6},"end":{"line":44,"column":12}},"28":{"start":{"line":46,"column":4},"end":{"line":49,"column":5}},"29":{"start":{"line":47,"column":6},"end":{"line":47,"column":null}},"30":{"start":{"line":48,"column":6},"end":{"line":48,"column":12}},"31":{"start":{"line":50,"column":4},"end":{"line":53,"column":5}},"32":{"start":{"line":51,"column":6},"end":{"line":51,"column":null}},"33":{"start":{"line":52,"column":6},"end":{"line":52,"column":12}},"34":{"start":{"line":54,"column":10},"end":{"line":54,"column":null}},"35":{"start":{"line":55,"column":4},"end":{"line":58,"column":5}},"36":{"start":{"line":56,"column":6},"end":{"line":56,"column":null}},"37":{"start":{"line":57,"column":6},"end":{"line":57,"column":12}},"38":{"start":{"line":59,"column":10},"end":{"line":59,"column":null}},"39":{"start":{"line":60,"column":21},"end":{"line":60,"column":null}},"40":{"start":{"line":60,"column":10},"end":{"line":60,"column":null}},"41":{"start":{"line":61,"column":4},"end":{"line":64,"column":5}},"42":{"start":{"line":62,"column":6},"end":{"line":62,"column":null}},"43":{"start":{"line":63,"column":6},"end":{"line":63,"column":12}},"44":{"start":{"line":65,"column":17},"end":{"line":69,"column":null}},"45":{"start":{"line":65,"column":10},"end":{"line":69,"column":null}},"46":{"start":{"line":70,"column":4},"end":{"line":76,"column":null}}},"fnMap":{"0":{"name":"(anonymous_14)","decl":{"start":{"line":11,"column":15},"end":{"line":11,"column":22}},"loc":{"start":{"line":11,"column":49},"end":{"line":31,"column":4}}},"1":{"name":"(anonymous_15)","decl":{"start":{"line":11,"column":49},"end":{"line":11,"column":null}},"loc":{"start":{"line":11,"column":49},"end":{"line":31,"column":4}}},"2":{"name":"(anonymous_17)","decl":{"start":{"line":36,"column":15},"end":{"line":36,"column":22}},"loc":{"start":{"line":36,"column":49},"end":{"line":77,"column":4}}},"3":{"name":"(anonymous_18)","decl":{"start":{"line":36,"column":49},"end":{"line":36,"column":null}},"loc":{"start":{"line":36,"column":49},"end":{"line":77,"column":4}}}},"branchMap":{"0":{"loc":{"start":{"line":13,"column":4},"end":{"line":16,"column":5}},"type":"if","locations":[{"start":{"line":13,"column":4},"end":{"line":16,"column":5}},{"start":{},"end":{}}]},"1":{"loc":{"start":{"line":13,"column":8},"end":{"line":13,"column":65}},"type":"binary-expr","locations":[{"start":{"line":13,"column":8},"end":{"line":13,"column":33}},{"start":{"line":13,"column":37},"end":{"line":13,"column":65}}]},"2":{"loc":{"start":{"line":18,"column":4},"end":{"line":29,"column":5}},"type":"if","locations":[{"start":{"line":18,"column":4},"end":{"line":29,"column":5}},{"start":{},"end":{}}]},"3":{"loc":{"start":{"line":19,"column":6},"end":{"line":28,"column":7}},"type":"if","locations":[{"start":{"line":19,"column":6},"end":{"line":28,"column":7}},{"start":{},"end":{}}]},"4":{"loc":{"start":{"line":38,"column":4},"end":{"line":41,"column":5}},"type":"if","locations":[{"start":{"line":38,"column":4},"end":{"line":41,"column":5}},{"start":{},"end":{}}]},"5":{"loc":{"start":{"line":38,"column":8},"end":{"line":38,"column":36}},"type":"binary-expr","locations":[{"start":{"line":38,"column":8},"end":{"line":38,"column":13}},{"start":{"line":38,"column":17},"end":{"line":38,"column":23}},{"start":{"line":38,"column":27},"end":{"line":38,"column":36}}]},"6":{"loc":{"start":{"line":42,"column":4},"end":{"line":45,"column":5}},"type":"if","locations":[{"start":{"line":42,"column":4},"end":{"line":45,"column":5}},{"start":{},"end":{}}]},"7":{"loc":{"start":{"line":46,"column":4},"end":{"line":49,"column":5}},"type":"if","locations":[{"start":{"line":46,"column":4},"end":{"line":49,"column":5}},{"start":{},"end":{}}]},"8":{"loc":{"start":{"line":50,"column":4},"end":{"line":53,"column":5}},"type":"if","locations":[{"start":{"line":50,"column":4},"end":{"line":53,"column":5}},{"start":{},"end":{}}]},"9":{"loc":{"start":{"line":55,"column":4},"end":{"line":58,"column":5}},"type":"if","locations":[{"start":{"line":55,"column":4},"end":{"line":58,"column":5}},{"start":{},"end":{}}]},"10":{"loc":{"start":{"line":61,"column":4},"end":{"line":64,"column":5}},"type":"if","locations":[{"start":{"line":61,"column":4},"end":{"line":64,"column":5}},{"start":{},"end":{}}]}},"s":{"0":5,"1":5,"2":5,"3":5,"4":5,"5":5,"6":5,"7":9,"8":9,"9":9,"10":2,"11":2,"12":7,"13":7,"14":7,"15":5,"16":3,"17":3,"18":4,"19":5,"20":16,"21":16,"22":16,"23":5,"24":5,"25":11,"26":1,"27":1,"28":10,"29":1,"30":1,"31":9,"32":1,"33":1,"34":8,"35":8,"36":1,"37":1,"38":7,"39":7,"40":7,"41":7,"42":2,"43":2,"44":5,"45":5,"46":5},"f":{"0":9,"1":9,"2":16,"3":16},"b":{"0":[2,7],"1":[9,7],"2":[5,2],"3":[3,2],"4":[5,11],"5":[16,14,13],"6":[1,10],"7":[1,9],"8":[1,8],"9":[1,7],"10":[2,5]}}
}
