TN:
SF:src/app.ts
FN:21,(anonymous_1)
FNF:1
FNH:1
FNDA:23,(anonymous_1)
DA:1,4
DA:2,4
DA:3,4
DA:4,4
DA:5,4
DA:6,4
DA:7,4
DA:8,4
DA:10,4
DA:11,4
DA:18,4
DA:21,23
DA:27,4
DA:28,4
DA:30,4
DA:31,4
DA:32,4
DA:33,4
DA:34,4
DA:36,4
LF:20
LH:20
BRF:0
BRH:0
end_of_record
TN:
SF:src/data.ts
FNF:0
FNH:0
DA:1,4
DA:5,4
DA:538,4
LF:3
LH:3
BRF:0
BRH:0
end_of_record
TN:
SF:src/utils.ts
FN:5,(anonymous_1)
FN:20,(anonymous_2)
FN:29,(anonymous_3)
FNF:3
FNH:2
FNDA:6,(anonymous_1)
FNDA:0,(anonymous_2)
FNDA:15,(anonymous_3)
DA:2,4
DA:5,4
DA:6,6
DA:20,4
DA:21,0
DA:22,0
DA:23,0
DA:25,0
DA:29,4
DA:30,15
DA:31,15
DA:32,10
DA:33,10
DA:34,10
DA:38,9
DA:45,9
DA:47,1
DA:50,5
LF:18
LH:14
BRDA:13,0,0,6
BRDA:13,0,1,0
BRDA:22,1,0,0
BRDA:22,1,1,0
BRDA:22,2,0,0
BRDA:22,2,1,0
BRDA:22,3,0,0
BRDA:22,3,1,0
BRDA:31,4,0,10
BRDA:31,4,1,5
BRDA:31,5,0,15
BRDA:31,5,1,11
BRDA:36,6,0,10
BRDA:36,6,1,0
BRF:14
BRH:6
end_of_record
TN:
SF:src/models/orderModel.ts
FN:5,(anonymous_2)
FN:22,(anonymous_4)
FN:35,(anonymous_6)
FN:47,(anonymous_8)
FNF:4
FNH:4
FNDA:4,(anonymous_2)
FNDA:4,(anonymous_4)
FNDA:4,(anonymous_6)
FNDA:4,(anonymous_8)
DA:1,4
DA:2,4
DA:3,4
DA:5,4
DA:7,4
DA:9,4
DA:11,4
DA:13,4
DA:15,4
DA:17,4
DA:19,4
DA:20,4
DA:22,4
DA:24,4
DA:26,4
DA:28,4
DA:30,4
DA:32,4
DA:33,4
DA:35,4
DA:37,4
DA:39,4
DA:41,4
DA:43,4
DA:44,4
DA:47,4
DA:50,4
DA:52,4
DA:55,4
DA:58,4
DA:61,4
DA:64,4
DA:66,4
DA:68,4
DA:70,4
DA:72,4
DA:74,4
DA:76,4
DA:78,4
DA:79,4
DA:81,4
LF:41
LH:41
BRF:0
BRH:0
end_of_record
TN:
SF:src/models/productModel.ts
FN:4,(anonymous_2)
FNF:1
FNH:1
FNDA:4,(anonymous_2)
DA:1,4
DA:4,4
DA:8,4
DA:11,4
DA:14,4
DA:17,4
DA:20,4
DA:23,4
DA:26,4
DA:29,4
DA:32,4
DA:35,4
DA:36,4
DA:38,4
LF:14
LH:14
BRF:0
BRH:0
end_of_record
TN:
SF:src/models/userModel.ts
FN:4,(anonymous_2)
FNF:1
FNH:1
FNDA:4,(anonymous_2)
DA:1,4
DA:4,4
DA:7,4
DA:9,4
DA:11,4
DA:13,4
DA:14,4
DA:16,4
LF:8
LH:8
BRF:0
BRH:0
end_of_record
TN:
SF:src/routers/keyRouter.ts
FN:5,(anonymous_1)
FNF:1
FNH:1
FNDA:4,(anonymous_1)
DA:1,4
DA:3,4
DA:5,4
DA:6,4
LF:4
LH:4
BRDA:6,0,0,4
BRDA:6,0,1,1
BRF:2
BRH:2
end_of_record
TN:
SF:src/routers/orderRouter.ts
FN:14,(anonymous_16)
FN:14,(anonymous_17)
FN:25,(anonymous_19)
FN:25,(anonymous_20)
FN:43,(anonymous_22)
FN:43,(anonymous_23)
FN:59,(anonymous_25)
FN:79,(anonymous_26)
FN:79,(anonymous_27)
FNF:9
FNH:9
FNDA:1,(anonymous_16)
FNDA:1,(anonymous_17)
FNDA:1,(anonymous_19)
FNDA:1,(anonymous_20)
FNDA:5,(anonymous_22)
FNDA:5,(anonymous_23)
FNDA:2,(anonymous_25)
FNDA:2,(anonymous_26)
FNDA:2,(anonymous_27)
DA:1,4
DA:2,4
DA:3,4
DA:5,4
DA:7,4
DA:11,4
DA:14,1
DA:15,1
DA:16,1
DA:17,1
DA:21,4
DA:25,1
DA:26,1
DA:27,1
DA:28,1
DA:29,1
DA:30,1
DA:31,1
DA:33,0
DA:35,0
DA:40,4
DA:43,5
DA:44,5
DA:45,1
DA:46,1
DA:48,4
DA:49,1
DA:50,1
DA:52,3
DA:53,1
DA:54,1
DA:57,2
DA:58,2
DA:59,2
DA:71,2
DA:76,4
DA:79,2
DA:80,2
DA:82,3
DA:83,1
DA:84,1
DA:85,1
DA:91,1
DA:93,1
DA:95,1
LF:45
LH:43
BRDA:28,0,0,1
BRDA:28,0,1,0
BRDA:29,1,0,1
BRDA:29,1,1,0
BRDA:29,2,0,0
BRDA:29,2,1,1
BRDA:29,3,0,1
BRDA:29,3,1,1
BRDA:44,4,0,1
BRDA:44,4,1,4
BRDA:44,5,0,5
BRDA:44,5,1,5
BRDA:48,6,0,1
BRDA:48,6,1,3
BRDA:52,7,0,1
BRDA:52,7,1,2
BRDA:80,8,0,2
BRDA:82,9,0,1
BRDA:82,9,1,1
BRF:19
BRH:16
end_of_record
TN:
SF:src/routers/productRouter.ts
FN:9,(anonymous_14)
FN:9,(anonymous_15)
FN:17,(anonymous_17)
FN:17,(anonymous_18)
FNF:4
FNH:4
FNDA:3,(anonymous_14)
FNDA:3,(anonymous_15)
FNDA:4,(anonymous_17)
FNDA:4,(anonymous_18)
DA:1,4
DA:2,4
DA:3,4
DA:5,4
DA:7,4
DA:9,3
DA:10,3
DA:11,3
DA:15,4
DA:17,4
DA:18,4
DA:19,4
DA:20,0
DA:22,4
LF:14
LH:13
BRDA:10,0,0,3
BRDA:18,1,0,4
BRDA:19,2,0,0
BRDA:19,2,1,4
BRF:4
BRH:3
end_of_record
TN:
SF:src/routers/seedRouter.ts
FN:14,(anonymous_14)
FN:14,(anonymous_15)
FNF:2
FNH:0
FNDA:0,(anonymous_14)
FNDA:0,(anonymous_15)
DA:1,4
DA:2,4
DA:3,4
DA:4,4
DA:5,4
DA:6,4
DA:8,4
DA:10,4
DA:14,0
DA:16,0
DA:17,0
DA:18,0
DA:19,0
DA:21,0
DA:22,0
DA:23,0
DA:25,0
DA:27,0
DA:28,0
LF:19
LH:8
BRF:0
BRH:0
end_of_record
TN:
SF:src/routers/userRouter.ts
FN:11,(anonymous_14)
FN:11,(anonymous_15)
FN:36,(anonymous_17)
FN:36,(anonymous_18)
FNF:4
FNH:4
FNDA:8,(anonymous_14)
FNDA:8,(anonymous_15)
FNDA:15,(anonymous_17)
FNDA:15,(anonymous_18)
DA:1,4
DA:2,4
DA:3,4
DA:4,4
DA:5,4
DA:7,4
DA:9,4
DA:11,8
DA:12,8
DA:13,8
DA:14,2
DA:15,2
DA:17,6
DA:18,6
DA:19,4
DA:20,2
DA:27,2
DA:30,4
DA:34,4
DA:36,15
DA:37,15
DA:38,15
DA:39,5
DA:40,5
DA:42,10
DA:43,1
DA:44,1
DA:46,9
DA:47,1
DA:48,1
DA:50,8
DA:51,1
DA:52,1
DA:54,7
DA:55,7
DA:56,1
DA:57,1
DA:59,6
DA:60,6
DA:61,6
DA:62,2
DA:63,2
DA:65,4
DA:70,4
LF:44
LH:44
BRDA:13,0,0,2
BRDA:13,0,1,6
BRDA:13,1,0,8
BRDA:13,1,1,6
BRDA:18,2,0,4
BRDA:18,2,1,2
BRDA:19,3,0,2
BRDA:19,3,1,2
BRDA:38,4,0,5
BRDA:38,4,1,10
BRDA:38,5,0,15
BRDA:38,5,1,13
BRDA:38,5,2,12
BRDA:42,6,0,1
BRDA:42,6,1,9
BRDA:46,7,0,1
BRDA:46,7,1,8
BRDA:50,8,0,1
BRDA:50,8,1,7
BRDA:55,9,0,1
BRDA:55,9,1,6
BRDA:61,10,0,2
BRDA:61,10,1,4
BRF:23
BRH:23
end_of_record
