TN:
SF:src/app.ts
FNF:0
FNH:0
DA:1,2
DA:2,2
DA:3,2
DA:4,2
DA:5,2
DA:6,2
DA:7,2
DA:9,2
DA:10,2
DA:17,2
DA:18,2
DA:20,2
DA:21,2
DA:22,2
DA:23,2
DA:24,2
DA:26,2
LF:17
LH:17
BRF:0
BRH:0
end_of_record
TN:
SF:src/data.ts
FNF:0
FNH:0
DA:1,2
DA:5,2
DA:538,2
LF:3
LH:3
BRF:0
BRH:0
end_of_record
TN:
SF:src/utils.ts
FN:5,(anonymous_1)
FN:20,(anonymous_2)
FNF:2
FNH:2
FNDA:6,(anonymous_1)
FNDA:9,(anonymous_2)
DA:2,2
DA:5,2
DA:6,6
DA:20,2
DA:21,9
DA:22,9
DA:23,5
DA:24,5
DA:25,5
DA:29,4
DA:36,4
DA:38,1
DA:41,4
LF:13
LH:13
BRDA:13,0,0,6
BRDA:13,0,1,0
BRDA:22,1,0,5
BRDA:22,1,1,4
BRDA:22,2,0,9
BRDA:22,2,1,6
BRDA:27,3,0,5
BRDA:27,3,1,0
BRF:8
BRH:6
end_of_record
TN:
SF:src/models/orderModel.ts
FN:5,(anonymous_2)
FN:22,(anonymous_4)
FN:35,(anonymous_6)
FN:47,(anonymous_8)
FNF:4
FNH:4
FNDA:2,(anonymous_2)
FNDA:2,(anonymous_4)
FNDA:2,(anonymous_6)
FNDA:2,(anonymous_8)
DA:1,2
DA:2,2
DA:3,2
DA:5,2
DA:7,2
DA:9,2
DA:11,2
DA:13,2
DA:15,2
DA:17,2
DA:19,2
DA:20,2
DA:22,2
DA:24,2
DA:26,2
DA:28,2
DA:30,2
DA:32,2
DA:33,2
DA:35,2
DA:37,2
DA:39,2
DA:41,2
DA:43,2
DA:44,2
DA:47,2
DA:50,2
DA:52,2
DA:55,2
DA:58,2
DA:61,2
DA:64,2
DA:66,2
DA:68,2
DA:70,2
DA:72,2
DA:74,2
DA:76,2
DA:78,2
DA:79,2
DA:81,2
LF:41
LH:41
BRF:0
BRH:0
end_of_record
TN:
SF:src/models/productModel.ts
FN:4,(anonymous_2)
FNF:1
FNH:1
FNDA:2,(anonymous_2)
DA:1,2
DA:4,2
DA:8,2
DA:11,2
DA:14,2
DA:17,2
DA:20,2
DA:23,2
DA:26,2
DA:29,2
DA:32,2
DA:35,2
DA:36,2
DA:38,2
LF:14
LH:14
BRF:0
BRH:0
end_of_record
TN:
SF:src/models/userModel.ts
FN:4,(anonymous_2)
FNF:1
FNH:1
FNDA:2,(anonymous_2)
DA:1,2
DA:4,2
DA:7,2
DA:9,2
DA:11,2
DA:13,2
DA:14,2
DA:16,2
LF:8
LH:8
BRF:0
BRH:0
end_of_record
TN:
SF:src/routers/keyRouter.ts
FN:5,(anonymous_1)
FNF:1
FNH:0
FNDA:0,(anonymous_1)
DA:1,2
DA:3,2
DA:5,2
DA:6,0
LF:4
LH:3
BRDA:6,0,0,0
BRDA:6,0,1,0
BRF:2
BRH:0
end_of_record
TN:
SF:src/routers/orderRouter.ts
FN:14,(anonymous_16)
FN:14,(anonymous_17)
FN:25,(anonymous_19)
FN:25,(anonymous_20)
FN:43,(anonymous_22)
FN:43,(anonymous_23)
FN:49,(anonymous_25)
FN:69,(anonymous_26)
FN:69,(anonymous_27)
FNF:9
FNH:7
FNDA:1,(anonymous_16)
FNDA:1,(anonymous_17)
FNDA:1,(anonymous_19)
FNDA:1,(anonymous_20)
FNDA:2,(anonymous_22)
FNDA:2,(anonymous_23)
FNDA:2,(anonymous_25)
FNDA:0,(anonymous_26)
FNDA:0,(anonymous_27)
DA:1,2
DA:2,2
DA:3,2
DA:5,2
DA:7,2
DA:11,2
DA:14,1
DA:15,1
DA:16,1
DA:17,1
DA:21,2
DA:25,1
DA:26,1
DA:27,1
DA:28,1
DA:29,1
DA:30,1
DA:31,1
DA:33,0
DA:35,0
DA:40,2
DA:43,2
DA:44,4
DA:45,0
DA:47,2
DA:48,2
DA:49,2
DA:61,2
DA:66,2
DA:69,0
DA:70,0
DA:72,0
DA:73,0
DA:74,0
DA:75,0
DA:81,0
DA:83,0
DA:85,0
LF:38
LH:26
BRDA:28,0,0,1
BRDA:28,0,1,0
BRDA:29,1,0,1
BRDA:29,1,1,0
BRDA:29,2,0,0
BRDA:29,2,1,1
BRDA:29,3,0,1
BRDA:29,3,1,1
BRDA:44,4,0,2
BRDA:44,4,1,0
BRDA:70,5,0,0
BRDA:72,6,0,0
BRDA:72,6,1,0
BRF:13
BRH:6
end_of_record
TN:
SF:src/routers/productRouter.ts
FN:9,(anonymous_14)
FN:9,(anonymous_15)
FN:17,(anonymous_17)
FN:17,(anonymous_18)
FNF:4
FNH:0
FNDA:0,(anonymous_14)
FNDA:0,(anonymous_15)
FNDA:0,(anonymous_17)
FNDA:0,(anonymous_18)
DA:1,2
DA:2,2
DA:3,2
DA:5,2
DA:7,2
DA:9,0
DA:10,0
DA:11,0
DA:15,2
DA:17,0
DA:18,0
DA:19,0
DA:20,0
DA:22,0
LF:14
LH:6
BRDA:10,0,0,0
BRDA:18,1,0,0
BRDA:19,2,0,0
BRDA:19,2,1,0
BRF:4
BRH:0
end_of_record
TN:
SF:src/routers/seedRouter.ts
FN:11,(anonymous_14)
FN:11,(anonymous_15)
FNF:2
FNH:0
FNDA:0,(anonymous_14)
FNDA:0,(anonymous_15)
DA:1,2
DA:2,2
DA:3,2
DA:4,2
DA:5,2
DA:7,2
DA:9,2
DA:11,0
DA:13,0
DA:14,0
DA:15,0
DA:16,0
DA:18,0
DA:19,0
DA:20,0
DA:22,0
DA:24,0
DA:25,0
LF:18
LH:7
BRF:0
BRH:0
end_of_record
TN:
SF:src/routers/userRouter.ts
FN:11,(anonymous_14)
FN:11,(anonymous_15)
FN:36,(anonymous_17)
FN:36,(anonymous_18)
FNF:4
FNH:4
FNDA:8,(anonymous_14)
FNDA:8,(anonymous_15)
FNDA:15,(anonymous_17)
FNDA:15,(anonymous_18)
DA:1,2
DA:2,2
DA:3,2
DA:4,2
DA:5,2
DA:7,2
DA:9,2
DA:11,8
DA:12,8
DA:13,8
DA:14,2
DA:15,2
DA:17,6
DA:18,6
DA:19,4
DA:20,2
DA:27,2
DA:30,4
DA:34,2
DA:36,15
DA:37,15
DA:38,15
DA:39,5
DA:40,5
DA:42,10
DA:43,1
DA:44,1
DA:46,9
DA:47,1
DA:48,1
DA:50,8
DA:51,1
DA:52,1
DA:54,7
DA:55,7
DA:56,1
DA:57,1
DA:59,6
DA:60,6
DA:61,6
DA:62,2
DA:63,2
DA:65,4
DA:70,4
LF:44
LH:44
BRDA:13,0,0,2
BRDA:13,0,1,6
BRDA:13,1,0,8
BRDA:13,1,1,6
BRDA:18,2,0,4
BRDA:18,2,1,2
BRDA:19,3,0,2
BRDA:19,3,1,2
BRDA:38,4,0,5
BRDA:38,4,1,10
BRDA:38,5,0,15
BRDA:38,5,1,13
BRDA:38,5,2,12
BRDA:42,6,0,1
BRDA:42,6,1,9
BRDA:46,7,0,1
BRDA:46,7,1,8
BRDA:50,8,0,1
BRDA:50,8,1,7
BRDA:55,9,0,1
BRDA:55,9,1,6
BRDA:61,10,0,2
BRDA:61,10,1,4
BRF:23
BRH:23
end_of_record
